[2022-09-15T10:01:24.555+0000] {taskinstance.py:1171} INFO - Dependencies all met for <TaskInstance: vecap_etl.date_dim manual__2022-09-15T10:01:21.623026+00:00 [queued]>
[2022-09-15T10:01:24.573+0000] {taskinstance.py:1171} INFO - Dependencies all met for <TaskInstance: vecap_etl.date_dim manual__2022-09-15T10:01:21.623026+00:00 [queued]>
[2022-09-15T10:01:24.576+0000] {taskinstance.py:1368} INFO - 
--------------------------------------------------------------------------------
[2022-09-15T10:01:24.577+0000] {taskinstance.py:1369} INFO - Starting attempt 1 of 1
[2022-09-15T10:01:24.579+0000] {taskinstance.py:1370} INFO - 
--------------------------------------------------------------------------------
[2022-09-15T10:01:24.607+0000] {taskinstance.py:1389} INFO - Executing <Task(PostgresOperator): date_dim> on 2022-09-15 10:01:21.623026+00:00
[2022-09-15T10:01:24.622+0000] {standard_task_runner.py:52} INFO - Started process 48395 to run task
[2022-09-15T10:01:24.628+0000] {standard_task_runner.py:79} INFO - Running: ['***', 'tasks', 'run', 'vecap_etl', 'date_dim', 'manual__2022-09-15T10:01:21.623026+00:00', '--job-id', '107', '--raw', '--subdir', 'DAGS_FOLDER/c_dag.py', '--cfg-path', '/tmp/tmpslzycf9q', '--error-file', '/tmp/tmpcnl9ah0w']
[2022-09-15T10:01:24.632+0000] {standard_task_runner.py:80} INFO - Job 107: Subtask date_dim
[2022-09-15T10:01:24.742+0000] {task_command.py:371} INFO - Running <TaskInstance: vecap_etl.date_dim manual__2022-09-15T10:01:21.623026+00:00 [running]> on host 0d275337f52b
[2022-09-15T10:01:24.804+0000] {taskinstance.py:1902} ERROR - Task failed with exception
Traceback (most recent call last):
  File "/home/airflow/.local/lib/python3.7/site-packages/airflow/models/taskinstance.py", line 1463, in _run_raw_task
    self._execute_task_with_callbacks(context, test_mode)
  File "/home/airflow/.local/lib/python3.7/site-packages/airflow/models/taskinstance.py", line 1567, in _execute_task_with_callbacks
    task_orig = self.render_templates(context=context)
  File "/home/airflow/.local/lib/python3.7/site-packages/airflow/models/taskinstance.py", line 2225, in render_templates
    rendered_task = self.task.render_template_fields(context)
  File "/home/airflow/.local/lib/python3.7/site-packages/airflow/models/baseoperator.py", line 1188, in render_template_fields
    self._do_render_template_fields(self, self.template_fields, context, jinja_env, set())
  File "/home/airflow/.local/lib/python3.7/site-packages/airflow/utils/session.py", line 71, in wrapper
    return func(*args, session=session, **kwargs)
  File "/home/airflow/.local/lib/python3.7/site-packages/airflow/models/abstractoperator.py", line 347, in _do_render_template_fields
    seen_oids,
  File "/home/airflow/.local/lib/python3.7/site-packages/airflow/models/abstractoperator.py", line 390, in render_template
    return render_template_to_string(template, context)
  File "/home/airflow/.local/lib/python3.7/site-packages/airflow/utils/helpers.py", line 298, in render_template_to_string
    return render_template(template, cast(MutableMapping[str, Any], context), native=False)
  File "/home/airflow/.local/lib/python3.7/site-packages/airflow/utils/helpers.py", line 293, in render_template
    return "".join(nodes)
  File "<template>", line 13, in root
  File "/home/airflow/.local/lib/python3.7/site-packages/jinja2/runtime.py", line 852, in _fail_with_undefined_error
    raise self._undefined_exception(self._undefined_message)
jinja2.exceptions.UndefinedError: 'dict object' has no attribute 'sch'
[2022-09-15T10:01:24.833+0000] {taskinstance.py:1412} INFO - Marking task as FAILED. dag_id=vecap_etl, task_id=date_dim, execution_date=20220915T100121, start_date=20220915T100124, end_date=20220915T100124
[2022-09-15T10:01:24.856+0000] {standard_task_runner.py:97} ERROR - Failed to execute job 107 for task date_dim ('dict object' has no attribute 'sch'; 48395)
[2022-09-15T10:01:24.881+0000] {local_task_job.py:156} INFO - Task exited with return code 1
